00:00:00.001355 main     VirtualBox XPCOM Server 7.0.8 r156879 linux.amd64 (Apr 18 2023 21:36:31) release log
00:00:00.001357 main     Log opened 2023-04-29T10:50:37.935306000Z
00:00:00.001358 main     Build Type: release
00:00:00.001361 main     OS Product: Linux
00:00:00.001361 main     OS Release: 6.2.12-arch1-1
00:00:00.001362 main     OS Version: #1 SMP PREEMPT_DYNAMIC Thu, 20 Apr 2023 16:11:55 +0000
00:00:00.001390 main     DMI Product Name: Xiaomi Book Pro 14 2022
00:00:00.001396 main     DMI Product Version: 
00:00:00.001403 main     Firmware type: UEFI
00:00:00.001622 main     Secure Boot: Disabled
00:00:00.001670 main     Host RAM: 15173MB (14.8GB) total, 12040MB (11.7GB) available
00:00:00.001674 main     Executable: /usr/lib/virtualbox/VBoxSVC
00:00:00.001674 main     Process ID: 7167
00:00:00.001674 main     Package type: LINUX_64BITS_GENERIC (OSE)
00:00:00.002738 main     IPC socket path: /tmp/.vbox-lk-ipc/ipcd
00:00:00.111812 nspr-2   VirtualBox: object creation starts
00:00:00.113378 nspr-2   Home directory: '/home/lk/.config/VirtualBox'
00:00:00.113963 nspr-2   Loading settings file "/home/lk/.config/VirtualBox/VirtualBox.xml" with version "1.12-linux"
00:00:00.129241 nspr-2   NetIfAdpCtlOut: VBoxNetAdpCtl: Error while retrieving link speed for wlp1s0: VBoxNetAdpCtl: ioctl failed: Operation not supported
00:00:00.130257 nspr-2   HostDnsMonitor: initializing
00:00:00.130573 nspr-2   NAT: resolv.conf: nameserver 192.168.178.1
00:00:00.130590 nspr-2   HostDnsMonitor: updating information
00:00:00.130606 nspr-2   HostDnsMonitor: old information
00:00:00.130608 nspr-2     no server entries
00:00:00.130611 nspr-2     no domain set
00:00:00.130612 nspr-2     no search string entries
00:00:00.130614 nspr-2   HostDnsMonitor: new information
00:00:00.130616 nspr-2     server 1: 192.168.178.1
00:00:00.130619 nspr-2     domain: fritz.box
00:00:00.130621 nspr-2     search string 1: fritz.box
00:00:00.134971 nspr-2   VD: VDInit finished with VINF_SUCCESS
00:00:00.135454 nspr-2   ERROR [COM]: aRC=NS_ERROR_FAILURE (0x80004005) aIID={aac6c7cb-a371-4c58-ab51-0616896b2f2c} aComponent={SystemPropertiesWrap} aText={Cannot determine default Guest Additions ISO location. Most likely they are not available}, preserve=false aResultDetail=0
00:00:00.138587 nspr-2   Loading settings file "/home/lk/VirtualBox VMs/windows/windows.vbox" with version "1.19-linux"
00:00:00.140535 nspr-2   VirtualBox: object created
00:00:00.573181 nspr-4   WARNING [COM]: aRC=NS_ERROR_FAILURE (0x80004005) aIID={e54f6256-97a7-4947-8a78-10c013ddf4b8} aComponent={HostWrap} aText={VirtualBox is not currently allowed to access USB devices.  You can change this by adding your user to the 'vboxusers' group.  Please see the user manual for a more detailed explanation}, preserve=true aResultDetail=0
00:00:00.574581 nspr-5   WARNING [COM]: aRC=NS_ERROR_FAILURE (0x80004005) aIID={e54f6256-97a7-4947-8a78-10c013ddf4b8} aComponent={HostWrap} aText={VirtualBox is not currently allowed to access USB devices.  You can change this by adding your user to the 'vboxusers' group.  Please see the user manual for a more detailed explanation}, preserve=false aResultDetail=0
00:00:00.613116 nspr-4   ERROR [COM]: aRC=VBOX_E_INVALID_VM_STATE (0x80bb0002) aIID={300763af-5d6b-46e6-aa96-273eac15538a} aComponent={MachineWrap} aText={The machine is not mutable (state is PoweredOff)}, preserve=false aResultDetail=0
00:00:00.722258 nspr-5   WARNING [COM]: aRC=NS_ERROR_FAILURE (0x80004005) aIID={e54f6256-97a7-4947-8a78-10c013ddf4b8} aComponent={HostWrap} aText={VirtualBox is not currently allowed to access USB devices.  You can change this by adding your user to the 'vboxusers' group.  Please see the user manual for a more detailed explanation}, preserve=true aResultDetail=0
00:00:00.723610 nspr-5   WARNING [COM]: aRC=NS_ERROR_FAILURE (0x80004005) aIID={e54f6256-97a7-4947-8a78-10c013ddf4b8} aComponent={HostWrap} aText={VirtualBox is not currently allowed to access USB devices.  You can change this by adding your user to the 'vboxusers' group.  Please see the user manual for a more detailed explanation}, preserve=true aResultDetail=0
00:00:01.455926 nspr-4   Saving settings file "/home/lk/.config/VirtualBox/VirtualBox.xml" with version "1.12-linux"
00:00:01.467520 nspr-4   Finished saving settings file "/home/lk/.config/VirtualBox/VirtualBox.xml"
00:00:09.487219 main     VirtualBox: object deletion starts
00:00:09.487313 main     ERROR [COM]: aRC=VBOX_E_OBJECT_IN_USE (0x80bb000c) aIID={ad47ad09-787b-44ab-b343-a082a3f2dfb1} aComponent={MediumWrap} aText={Medium '/home/lk/VirtualBox VMs/windows/windows.vdi' cannot be closed because it is still attached to 1 virtual machines}, preserve=false aResultDetail=0
00:00:09.488090 main     HostDnsMonitor: shutting down ...
00:00:09.488494 main     HostDnsMonitor: shut down
00:00:09.500019 Watcher  ERROR [COM]: aRC=E_ACCESSDENIED (0x80070005) aIID={7682d5eb-f00e-44f1-8ca2-99d08b1cd607} aComponent={VirtualBoxWrap} aText={The object is not ready}, preserve=false aResultDetail=0
00:00:09.500218 main     VirtualBox: object deleted
